<?xml version="1.0" encoding="UTF-8"?>
<testsuite xmlns:xsi="http://www.w3.org/2001/XMLSchema-instance" xsi:noNamespaceSchemaLocation="https://maven.apache.org/surefire/maven-surefire-plugin/xsd/surefire-test-report-3.0.xsd" version="3.0" name="StudentAnalyzerTest" time="0.057" tests="20" errors="0" skipped="0" failures="0">
  <properties>
[...]
</properties>
  <testcase name="testCalculateValidAverage_AllInvalid" classname="StudentAnalyzerTest" time="0.02"/>
  <testcase name="testCountExcellentStudents_BoundaryValues" classname="StudentAnalyzerTest" time="0.001"/>
  <testcase name="testCountExcellentStudents_MixedValidAndInvalid" classname="StudentAnalyzerTest" time="0.001"/>
  <testcase name="testCountExcellentStudents_AllValid" classname="StudentAnalyzerTest" time="0.001"/>
  <testcase name="testCountExcellentStudents_AllExcellent" classname="StudentAnalyzerTest" time="0.001"/>
  <testcase name="testCalculateValidAverage_AllValid" classname="StudentAnalyzerTest" time="0.001"/>
  <testcase name="testCountExcellentStudents_NullList" classname="StudentAnalyzerTest" time="0.001"/>
  <testcase name="testCalculateValidAverage_OnlyZero" classname="StudentAnalyzerTest" time="0.001"/>
  <testcase name="testCalculateValidAverage_MixedValidAndInvalid" classname="StudentAnalyzerTest" time="0.001"/>
  <testcase name="testCalculateValidAverage_EmptyList" classname="StudentAnalyzerTest" time="0.001"/>
  <testcase name="testCalculateValidAverage_NullList" classname="StudentAnalyzerTest" time="0"/>
  <testcase name="testCalculateValidAverage_SingleValidScore" classname="StudentAnalyzerTest" time="0"/>
  <testcase name="testCalculateValidAverage_BoundaryValues" classname="StudentAnalyzerTest" time="0"/>
  <testcase name="testCountExcellentStudents_NegativeScores" classname="StudentAnalyzerTest" time="0"/>
  <testcase name="testCountExcellentStudents_NoExcellent" classname="StudentAnalyzerTest" time="0"/>
  <testcase name="testCountExcellentStudents_ExactlyEight" classname="StudentAnalyzerTest" time="0"/>
  <testcase name="testCalculateValidAverage_OnlyTen" classname="StudentAnalyzerTest" time="0.001"/>
  <testcase name="testCalculateValidAverage_NegativeAndAboveTen" classname="StudentAnalyzerTest" time="0"/>
  <testcase name="testCountExcellentStudents_ScoresAboveTen" classname="StudentAnalyzerTest" time="0"/>
  <testcase name="testCountExcellentStudents_EmptyList" classname="StudentAnalyzerTest" time="0"/>
</testsuite>